<?xml version="1.0" encoding="UTF-8"?>
<!-- Generated by org.testng.reporters.JUnitReportReporter -->
<testsuite hostname="Raashi" failures="0" tests="3" name="FrameworkDesign.SeleniumFrameworkDesign.StandAloneTest" time="47.250" errors="0" timestamp="2023-08-25T02:19:36 IST" skipped="0">
  <testcase classname="FrameworkDesign.SeleniumFrameworkDesign.StandAloneTest" name="submitOrder" time="22.685"/>
  <testcase classname="FrameworkDesign.SeleniumFrameworkDesign.StandAloneTest" name="orderHistoryTest" time="7.087"/>
  <testcase classname="FrameworkDesign.SeleniumFrameworkDesign.StandAloneTest" name="submitOrder" time="17.478"/>
</testsuite> <!-- FrameworkDesign.SeleniumFrameworkDesign.StandAloneTest -->
