<?xml version="1.0" encoding="UTF-8"?>
<!-- Generated by org.testng.reporters.JUnitReportReporter -->
<testsuite skipped="0" hostname="Raashi" name="FrameworkDesign.SeleniumFrameworkDesign.StandAloneTest" tests="2" failures="0" timestamp="25 Aug 2023 05:11:12 GMT" time="35.110" errors="0">
  <testcase name="submitOrder" time="17.962" classname="FrameworkDesign.SeleniumFrameworkDesign.StandAloneTest"/>
  <testcase name="submitOrder" time="17.148" classname="FrameworkDesign.SeleniumFrameworkDesign.StandAloneTest"/>
</testsuite> <!-- FrameworkDesign.SeleniumFrameworkDesign.StandAloneTest -->
