<?xml version="1.0" encoding="UTF-8"?>
<!-- Generated by org.testng.reporters.JUnitReportReporter -->
<testsuite skipped="0" hostname="Raashi" name="FrameworkDesign.SeleniumFrameworkDesign.ErrorValidationsTest" tests="2" failures="0" timestamp="25 Aug 2023 04:09:57 GMT" time="30.874" errors="0">
  <testcase name="productErrorValidations" time="19.401" classname="FrameworkDesign.SeleniumFrameworkDesign.ErrorValidationsTest"/>
  <testcase name="LoginErrorValidation" time="11.473" classname="FrameworkDesign.SeleniumFrameworkDesign.ErrorValidationsTest"/>
</testsuite> <!-- FrameworkDesign.SeleniumFrameworkDesign.ErrorValidationsTest -->
